<?xml version="1.0" encoding="UTF-8"?>
<!-- Generated by org.testng.reporters.JUnitReportReporter -->
<testsuite skipped="0" hostname="DESKTOP-UKODEMR" name="com.training.sanity.tests.CategoryDeleteTest" tests="1" failures="0" timestamp="17 Jan 2019 10:46:10 GMT" time="34.033" errors="0">
  <testcase name="deleteCategoryTest" time="34.033" classname="com.training.sanity.tests.CategoryDeleteTest"/>
</testsuite> <!-- com.training.sanity.tests.CategoryDeleteTest -->
