<?xml version="1.0" encoding="UTF-8"?>
<!-- Generated by org.testng.reporters.JUnitReportReporter -->
<testsuite skipped="0" hostname="DESKTOP-UKODEMR" name="com.training.sanity.tests.HomeTests" tests="4" failures="0" timestamp="17 Jan 2019 04:09:53 GMT" time="101.776" errors="0">
  <testcase name="validatecategoriesLnkDisplayed" time="21.346" classname="com.training.sanity.tests.HomeTests"/>
  <testcase name="validateProductsLnkDisplayed" time="11.431" classname="com.training.sanity.tests.HomeTests"/>
  <testcase name="validateRecurringLnkDisplayed" time="15.675" classname="com.training.sanity.tests.HomeTests"/>
  <testcase name="validateCategoryItemsDisplayed" time="53.324" classname="com.training.sanity.tests.HomeTests"/>
</testsuite> <!-- com.training.sanity.tests.HomeTests -->
