<?xml version="1.0" encoding="UTF-8"?>
<!-- Generated by org.testng.reporters.JUnitReportReporter -->
<testsuite skipped="0" hostname="DESKTOP-UKODEMR" name="com.training.sanity.tests.ProductDeleteTest" tests="1" failures="0" timestamp="17 Jan 2019 10:21:40 GMT" time="26.062" errors="0">
  <testcase name="deleteProductTest" time="26.062" classname="com.training.sanity.tests.ProductDeleteTest"/>
</testsuite> <!-- com.training.sanity.tests.ProductDeleteTest -->
