<?xml version="1.0" encoding="UTF-8"?>
<!-- Generated by org.testng.reporters.JUnitReportReporter -->
<testsuite skipped="0" hostname="DESKTOP-UKODEMR" name="com.training.sanity.tests.LoginTests" tests="1" failures="0" timestamp="16 Jan 2019 05:33:46 GMT" time="13.234" errors="0">
  <testcase name="validLoginTest" time="13.234" classname="com.training.sanity.tests.LoginTests"/>
</testsuite> <!-- com.training.sanity.tests.LoginTests -->
