<?xml version="1.0" encoding="UTF-8"?>
<!-- Generated by org.testng.reporters.JUnitReportReporter -->
<testsuite skipped="0" hostname="DESKTOP-UKODEMR" name="com.training.sanity.tests.ProductTests" tests="4" failures="0" timestamp="16 Jan 2019 13:18:49 GMT" time="62.714" errors="0">
  <testcase name="enterCredentials" time="13.353" classname="com.training.sanity.tests.ProductTests"/>
  <testcase name="filterBtn1Test" time="16.703" classname="com.training.sanity.tests.ProductTests"/>
  <testcase name="priceBoxTest" time="18.567" classname="com.training.sanity.tests.ProductTests"/>
  <testcase name="validateProductLinkTest" time="14.091" classname="com.training.sanity.tests.ProductTests"/>
</testsuite> <!-- com.training.sanity.tests.ProductTests -->
